<?xml version="1.0" encoding="UTF-8"?>
<!-- Generated by org.testng.reporters.JUnitXMLReporter -->
<testsuite hostname="DESKTOP-FR326FK" ignored="1" name="Test" tests="31" failures="10" timestamp="2021-10-14T22:09:45 IST" time="1664.269" errors="0">
  <testcase name="@BeforeMethod setUp" time="301.357" classname="com.buffalocart.automationcore.Base">
    <failure type="org.openqa.selenium.TimeoutException" message="timeout: Timed out receiving message from renderer: 278.890
  (Session info: chrome=94.0.4606.81)
Build info: version: &amp;apos;3.141.59&amp;apos;, revision: &amp;apos;e82be7d358&amp;apos;, time: &amp;apos;2018-11-14T08:17:03&amp;apos;
System info: host: &amp;apos;DESKTOP-FR326FK&amp;apos;, ip: &amp;apos;192.168.0.9&amp;apos;, os.name: &amp;apos;Windows 10&amp;apos;, os.arch: &amp;apos;amd64&amp;apos;, os.version: &amp;apos;10.0&amp;apos;, java.version: &amp;apos;1.8.0_301&amp;apos;
Driver info: org.openqa.selenium.chrome.ChromeDriver
Capabilities {acceptInsecureCerts: false, browserName: chrome, browserVersion: 94.0.4606.81, chrome: {chromedriverVersion: 94.0.4606.61 (418b78f5838ed..., userDataDir: C:\Users\manua\AppData\Loca...}, goog:chromeOptions: {debuggerAddress: localhost:54310}, javascriptEnabled: true, networkConnectionEnabled: false, pageLoadStrategy: normal, platform: WINDOWS, platformName: WINDOWS, proxy: Proxy(), setWindowRect: true, strictFileInteractability: false, timeouts: {implicit: 0, pageLoad: 300000, script: 30000}, unhandledPromptBehavior: dismiss and notify, webauthn:extension:credBlob: true, webauthn:extension:largeBlob: true, webauthn:virtualAuthenticators: true}
Session ID: 94b8e0c9d17f58bcb58d4d7d6c58520c">
      <![CDATA[org.openqa.selenium.TimeoutException: timeout: Timed out receiving message from renderer: 278.890
  (Session info: chrome=94.0.4606.81)
Build info: version: '3.141.59', revision: 'e82be7d358', time: '2018-11-14T08:17:03'
System info: host: 'DESKTOP-FR326FK', ip: '192.168.0.9', os.name: 'Windows 10', os.arch: 'amd64', os.version: '10.0', java.version: '1.8.0_301'
Driver info: org.openqa.selenium.chrome.ChromeDriver
Capabilities {acceptInsecureCerts: false, browserName: chrome, browserVersion: 94.0.4606.81, chrome: {chromedriverVersion: 94.0.4606.61 (418b78f5838ed..., userDataDir: C:\Users\manua\AppData\Loca...}, goog:chromeOptions: {debuggerAddress: localhost:54310}, javascriptEnabled: true, networkConnectionEnabled: false, pageLoadStrategy: normal, platform: WINDOWS, platformName: WINDOWS, proxy: Proxy(), setWindowRect: true, strictFileInteractability: false, timeouts: {implicit: 0, pageLoad: 300000, script: 30000}, unhandledPromptBehavior: dismiss and notify, webauthn:extension:credBlob: true, webauthn:extension:largeBlob: true, webauthn:virtualAuthenticators: true}
Session ID: 94b8e0c9d17f58bcb58d4d7d6c58520c
at org.openqa.selenium.remote.http.W3CHttpResponseCodec.createException(W3CHttpResponseCodec.java:187)
at org.openqa.selenium.remote.http.W3CHttpResponseCodec.decode(W3CHttpResponseCodec.java:122)
at org.openqa.selenium.remote.http.W3CHttpResponseCodec.decode(W3CHttpResponseCodec.java:49)
at org.openqa.selenium.remote.HttpCommandExecutor.execute(HttpCommandExecutor.java:158)
at org.openqa.selenium.remote.service.DriverCommandExecutor.execute(DriverCommandExecutor.java:83)
at org.openqa.selenium.remote.RemoteWebDriver.execute(RemoteWebDriver.java:552)
at org.openqa.selenium.remote.RemoteWebDriver.get(RemoteWebDriver.java:277)
at com.buffalocart.automationcore.Base.testInitialize(Base.java:68)
at com.buffalocart.automationcore.Base.setUp(Base.java:80)
at java.util.ArrayList.forEach(ArrayList.java:1259)
... Removed 34 stack frames]]>
    </failure>
  </testcase> <!-- @BeforeMethod setUp -->
  <testcase name="@AfterMethod tearDown" time="-1.634229555056E9" classname="com.buffalocart.automationcore.Base">
    <skipped/>
  </testcase> <!-- @AfterMethod tearDown -->
  <testcase name="verifyLoginPageTitle" time="0.147" classname="com.buffalocart.testscripts.LoginTest"/>
  <testcase name="verifyUserLoginWithValidUserCredentials" time="5.044" classname="com.buffalocart.testscripts.LoginTest"/>
  <testcase name="verifyUserLoginWithInValidUserCredentials" time="1.359" classname="com.buffalocart.testscripts.LoginTest"/>
  <testcase name="verifyClickOnCheckbox" time="0.144" classname="com.buffalocart.testscripts.LoginTest"/>
  <testcase name="verifyHomePageTitle" time="3.823" classname="com.buffalocart.testscripts.HomeTest"/>
  <testcase name="verifyDateDisplayedInHomePage" time="7.426" classname="com.buffalocart.testscripts.HomeTest"/>
  <testcase name="verifyResetPasswordWithInvalidEmailid" time="5.184" classname="com.buffalocart.testscripts.ForgotPasswordTest"/>
  <testcase name="verifyNavigationToLoginOnClickSignOut" time="24.621" classname="com.buffalocart.testscripts.SignOutTest">
    <failure type="org.openqa.selenium.NoSuchElementException" message="no such element: Unable to locate element: {&amp;quot;method&amp;quot;:&amp;quot;css selector&amp;quot;,&amp;quot;selector&amp;quot;:&amp;quot;div.panel-heading&amp;quot;}
  (Session info: chrome=94.0.4606.81)
For documentation on this error, please visit: https://www.seleniumhq.org/exceptions/no_such_element.html
Build info: version: &amp;apos;3.141.59&amp;apos;, revision: &amp;apos;e82be7d358&amp;apos;, time: &amp;apos;2018-11-14T08:17:03&amp;apos;
System info: host: &amp;apos;DESKTOP-FR326FK&amp;apos;, ip: &amp;apos;192.168.0.9&amp;apos;, os.name: &amp;apos;Windows 10&amp;apos;, os.arch: &amp;apos;amd64&amp;apos;, os.version: &amp;apos;10.0&amp;apos;, java.version: &amp;apos;1.8.0_301&amp;apos;
Driver info: org.openqa.selenium.chrome.ChromeDriver
Capabilities {acceptInsecureCerts: false, browserName: chrome, browserVersion: 94.0.4606.81, chrome: {chromedriverVersion: 94.0.4606.61 (418b78f5838ed..., userDataDir: C:\Users\manua\AppData\Loca...}, goog:chromeOptions: {debuggerAddress: localhost:63558}, javascriptEnabled: true, networkConnectionEnabled: false, pageLoadStrategy: normal, platform: WINDOWS, platformName: WINDOWS, proxy: Proxy(), setWindowRect: true, strictFileInteractability: false, timeouts: {implicit: 0, pageLoad: 300000, script: 30000}, unhandledPromptBehavior: dismiss and notify, webauthn:extension:credBlob: true, webauthn:extension:largeBlob: true, webauthn:virtualAuthenticators: true}
Session ID: 54aec33a605fe0f5c95236477a41b946
*** Element info: {Using=css selector, value=div.panel-heading}">
      <![CDATA[org.openqa.selenium.NoSuchElementException: no such element: Unable to locate element: {"method":"css selector","selector":"div.panel-heading"}
  (Session info: chrome=94.0.4606.81)
For documentation on this error, please visit: https://www.seleniumhq.org/exceptions/no_such_element.html
Build info: version: '3.141.59', revision: 'e82be7d358', time: '2018-11-14T08:17:03'
System info: host: 'DESKTOP-FR326FK', ip: '192.168.0.9', os.name: 'Windows 10', os.arch: 'amd64', os.version: '10.0', java.version: '1.8.0_301'
Driver info: org.openqa.selenium.chrome.ChromeDriver
Capabilities {acceptInsecureCerts: false, browserName: chrome, browserVersion: 94.0.4606.81, chrome: {chromedriverVersion: 94.0.4606.61 (418b78f5838ed..., userDataDir: C:\Users\manua\AppData\Loca...}, goog:chromeOptions: {debuggerAddress: localhost:63558}, javascriptEnabled: true, networkConnectionEnabled: false, pageLoadStrategy: normal, platform: WINDOWS, platformName: WINDOWS, proxy: Proxy(), setWindowRect: true, strictFileInteractability: false, timeouts: {implicit: 0, pageLoad: 300000, script: 30000}, unhandledPromptBehavior: dismiss and notify, webauthn:extension:credBlob: true, webauthn:extension:largeBlob: true, webauthn:virtualAuthenticators: true}
Session ID: 54aec33a605fe0f5c95236477a41b946
*** Element info: {Using=css selector, value=div.panel-heading}
at org.openqa.selenium.remote.http.W3CHttpResponseCodec.createException(W3CHttpResponseCodec.java:187)
at org.openqa.selenium.remote.http.W3CHttpResponseCodec.decode(W3CHttpResponseCodec.java:122)
at org.openqa.selenium.remote.http.W3CHttpResponseCodec.decode(W3CHttpResponseCodec.java:49)
at org.openqa.selenium.remote.HttpCommandExecutor.execute(HttpCommandExecutor.java:158)
at org.openqa.selenium.remote.service.DriverCommandExecutor.execute(DriverCommandExecutor.java:83)
at org.openqa.selenium.remote.RemoteWebDriver.execute(RemoteWebDriver.java:552)
at org.openqa.selenium.remote.RemoteWebDriver.findElement(RemoteWebDriver.java:323)
at org.openqa.selenium.remote.RemoteWebDriver.findElementByCssSelector(RemoteWebDriver.java:420)
at org.openqa.selenium.By$ByCssSelector.findElement(By.java:431)
at org.openqa.selenium.remote.RemoteWebDriver.findElement(RemoteWebDriver.java:315)
at org.openqa.selenium.support.pagefactory.DefaultElementLocator.findElement(DefaultElementLocator.java:69)
at org.openqa.selenium.support.pagefactory.internal.LocatingElementHandler.invoke(LocatingElementHandler.java:38)
at com.sun.proxy.$Proxy10.getText(Unknown Source)
at com.buffalocart.utilities.PageUtility.getElementText(PageUtility.java:24)
at com.buffalocart.pages.LoginPage.getLoginPanelHeading(LoginPage.java:87)
at com.buffalocart.testscripts.SignOutTest.verifyNavigationToLoginOnClickSignOut(SignOutTest.java:29)
at java.util.ArrayList.forEach(ArrayList.java:1259)
... Removed 31 stack frames]]>
    </failure>
  </testcase> <!-- verifyNavigationToLoginOnClickSignOut -->
  <testcase name="verifyUserManagementSubmenus" time="4.302" classname="com.buffalocart.testscripts.UserManagementTest"/>
  <testcase name="verifyUsersPageTitle" time="25.219" classname="com.buffalocart.testscripts.UsersTest"/>
  <testcase name="verifyUserLoginWithNewlyAddedUser" time="38.63" classname="com.buffalocart.testscripts.UsersTest"/>
  <testcase name="verifyUserSearch" time="31.102" classname="com.buffalocart.testscripts.UsersTest">
    <failure type="java.lang.AssertionError" message="The following asserts failed:
	User is not found: Lists differ at element [1]: ms sanooja beegum != seena expected [ms sanooja beegum] but found [seena]">
      <![CDATA[java.lang.AssertionError: The following asserts failed:
User is not found: Lists differ at element [1]: ms sanooja beegum != seena expected [ms sanooja beegum] but found [seena]
at com.buffalocart.testscripts.UsersTest.verifyUserSearch(UsersTest.java:70)
at java.util.ArrayList.forEach(ArrayList.java:1259)
... Removed 29 stack frames]]>
    </failure>
  </testcase> <!-- verifyUserSearch -->
  <testcase name="verifyErrorMessageOnNotFillingMandatoryUserFields" time="27.21" classname="com.buffalocart.testscripts.AddUserTest"/>
  <testcase name="verifyAddUsersPageTitle" time="25.46" classname="com.buffalocart.testscripts.AddUserTest"/>
  <testcase name="verifyAddUser" time="36.781" classname="com.buffalocart.testscripts.AddUserTest"/>
  <testcase name="verifyRolesPageTitle" time="24.114" classname="com.buffalocart.testscripts.RolesTest"/>
  <testcase name="verifyNewRoleListedInUserAddPage" time="2.722" classname="com.buffalocart.testscripts.RolesTest">
    <failure type="java.lang.IndexOutOfBoundsException" message="Index: 10, Size: 10">
      <![CDATA[java.lang.IndexOutOfBoundsException: Index: 10, Size: 10
at java.util.ArrayList.rangeCheck(ArrayList.java:659)
at java.util.ArrayList.get(ArrayList.java:435)
at org.openqa.selenium.support.pagefactory.internal.LocatingElementListHandler.invoke(LocatingElementListHandler.java:39)
at com.sun.proxy.$Proxy11.get(Unknown Source)
at com.buffalocart.utilities.PageUtility.SelectMenu(PageUtility.java:71)
at com.buffalocart.pages.SidebarPage.clickOnUserManagement(SidebarPage.java:35)
at com.buffalocart.testscripts.RolesTest.verifyNewRoleListedInUserAddPage(RolesTest.java:57)
at java.util.ArrayList.forEach(ArrayList.java:1259)
... Removed 30 stack frames]]>
    </failure>
  </testcase> <!-- verifyNewRoleListedInUserAddPage -->
  <testcase name="verifyAddNewRole" time="34.624" classname="com.buffalocart.testscripts.AddRolesTest">
    <failure type="java.lang.AssertionError" message="The following asserts failed:
	Role is not added expected [true] but found [false]">
      <![CDATA[java.lang.AssertionError: The following asserts failed:
Role is not added expected [true] but found [false]
at com.buffalocart.testscripts.AddRolesTest.verifyAddNewRole(AddRolesTest.java:77)
at java.util.ArrayList.forEach(ArrayList.java:1259)
... Removed 29 stack frames]]>
    </failure>
  </testcase> <!-- verifyAddNewRole -->
  <testcase name="verifyAddRolesPageTitle" time="26.237" classname="com.buffalocart.testscripts.AddRolesTest">
    <failure type="java.lang.AssertionError" message="The following asserts failed:
	Role is not added expected [true] but found [false]">
      <![CDATA[java.lang.AssertionError: The following asserts failed:
Role is not added expected [true] but found [false]
at com.buffalocart.testscripts.AddRolesTest.verifyAddRolesPageTitle(AddRolesTest.java:53)
at java.util.ArrayList.forEach(ArrayList.java:1259)
... Removed 29 stack frames]]>
    </failure>
  </testcase> <!-- verifyAddRolesPageTitle -->
  <testcase name="verifySalesCommissionAgentPageTitle" time="25.44" classname="com.buffalocart.testscripts.SalesCommissionAgentTest"/>
  <testcase name="verifyAddNewSalesCommissionAgent" time="33.978" classname="com.buffalocart.testscripts.AddSalesCommissionAgentTest"/>
  <testcase name="verifyEditUsersPageTitle" time="2.761" classname="com.buffalocart.testscripts.UpdateUserTest">
    <failure type="java.lang.IndexOutOfBoundsException" message="Index: 10, Size: 10">
      <![CDATA[java.lang.IndexOutOfBoundsException: Index: 10, Size: 10
at java.util.ArrayList.rangeCheck(ArrayList.java:659)
at java.util.ArrayList.get(ArrayList.java:435)
at org.openqa.selenium.support.pagefactory.internal.LocatingElementListHandler.invoke(LocatingElementListHandler.java:39)
at com.sun.proxy.$Proxy11.get(Unknown Source)
at com.buffalocart.utilities.PageUtility.SelectMenu(PageUtility.java:71)
at com.buffalocart.pages.SidebarPage.clickOnUserManagement(SidebarPage.java:35)
at com.buffalocart.testscripts.UpdateUserTest.verifyEditUsersPageTitle(UpdateUserTest.java:44)
at java.util.ArrayList.forEach(ArrayList.java:1259)
... Removed 30 stack frames]]>
    </failure>
  </testcase> <!-- verifyEditUsersPageTitle -->
  <testcase name="verifyEditUser" time="29.736" classname="com.buffalocart.testscripts.UpdateUserTest">
    <failure type="org.openqa.selenium.ElementClickInterceptedException" message="element click intercepted: Element &amp;lt;li class=&amp;quot;dropdown user user-menu&amp;quot;&amp;gt;...&amp;lt;/li&amp;gt; is not clickable at point (1223, 25). Other element would receive the click: &amp;lt;div class=&amp;quot;toast toast-success&amp;quot; aria-live=&amp;quot;polite&amp;quot; style=&amp;quot;display: block;&amp;quot;&amp;gt;...&amp;lt;/div&amp;gt;
  (Session info: chrome=94.0.4606.81)
Build info: version: &amp;apos;3.141.59&amp;apos;, revision: &amp;apos;e82be7d358&amp;apos;, time: &amp;apos;2018-11-14T08:17:03&amp;apos;
System info: host: &amp;apos;DESKTOP-FR326FK&amp;apos;, ip: &amp;apos;192.168.0.9&amp;apos;, os.name: &amp;apos;Windows 10&amp;apos;, os.arch: &amp;apos;amd64&amp;apos;, os.version: &amp;apos;10.0&amp;apos;, java.version: &amp;apos;1.8.0_301&amp;apos;
Driver info: org.openqa.selenium.chrome.ChromeDriver
Capabilities {acceptInsecureCerts: false, browserName: chrome, browserVersion: 94.0.4606.81, chrome: {chromedriverVersion: 94.0.4606.61 (418b78f5838ed..., userDataDir: C:\Users\manua\AppData\Loca...}, goog:chromeOptions: {debuggerAddress: localhost:63053}, javascriptEnabled: true, networkConnectionEnabled: false, pageLoadStrategy: normal, platform: WINDOWS, platformName: WINDOWS, proxy: Proxy(), setWindowRect: true, strictFileInteractability: false, timeouts: {implicit: 0, pageLoad: 300000, script: 30000}, unhandledPromptBehavior: dismiss and notify, webauthn:extension:credBlob: true, webauthn:extension:largeBlob: true, webauthn:virtualAuthenticators: true}
Session ID: 3dc1f411509ff4b0cff84bc39eadefe7">
      <![CDATA[org.openqa.selenium.ElementClickInterceptedException: element click intercepted: Element <li class="dropdown user user-menu">...</li> is not clickable at point (1223, 25). Other element would receive the click: <div class="toast toast-success" aria-live="polite" style="display: block;">...</div>
  (Session info: chrome=94.0.4606.81)
Build info: version: '3.141.59', revision: 'e82be7d358', time: '2018-11-14T08:17:03'
System info: host: 'DESKTOP-FR326FK', ip: '192.168.0.9', os.name: 'Windows 10', os.arch: 'amd64', os.version: '10.0', java.version: '1.8.0_301'
Driver info: org.openqa.selenium.chrome.ChromeDriver
Capabilities {acceptInsecureCerts: false, browserName: chrome, browserVersion: 94.0.4606.81, chrome: {chromedriverVersion: 94.0.4606.61 (418b78f5838ed..., userDataDir: C:\Users\manua\AppData\Loca...}, goog:chromeOptions: {debuggerAddress: localhost:63053}, javascriptEnabled: true, networkConnectionEnabled: false, pageLoadStrategy: normal, platform: WINDOWS, platformName: WINDOWS, proxy: Proxy(), setWindowRect: true, strictFileInteractability: false, timeouts: {implicit: 0, pageLoad: 300000, script: 30000}, unhandledPromptBehavior: dismiss and notify, webauthn:extension:credBlob: true, webauthn:extension:largeBlob: true, webauthn:virtualAuthenticators: true}
Session ID: 3dc1f411509ff4b0cff84bc39eadefe7
at org.openqa.selenium.remote.http.W3CHttpResponseCodec.createException(W3CHttpResponseCodec.java:187)
at org.openqa.selenium.remote.http.W3CHttpResponseCodec.decode(W3CHttpResponseCodec.java:122)
at org.openqa.selenium.remote.http.W3CHttpResponseCodec.decode(W3CHttpResponseCodec.java:49)
at org.openqa.selenium.remote.HttpCommandExecutor.execute(HttpCommandExecutor.java:158)
at org.openqa.selenium.remote.service.DriverCommandExecutor.execute(DriverCommandExecutor.java:83)
at org.openqa.selenium.remote.RemoteWebDriver.execute(RemoteWebDriver.java:552)
at org.openqa.selenium.remote.RemoteWebElement.execute(RemoteWebElement.java:285)
at org.openqa.selenium.remote.RemoteWebElement.click(RemoteWebElement.java:84)
at org.openqa.selenium.support.pagefactory.internal.LocatingElementHandler.invoke(LocatingElementHandler.java:51)
at com.sun.proxy.$Proxy10.click(Unknown Source)
at com.buffalocart.utilities.PageUtility.clickOnElement(PageUtility.java:16)
at com.buffalocart.pages.HomePage.clickOnUserMenu(HomePage.java:71)
at com.buffalocart.testscripts.UpdateUserTest.verifyEditUser(UpdateUserTest.java:71)
at java.util.ArrayList.forEach(ArrayList.java:1259)
... Removed 34 stack frames]]>
    </failure>
  </testcase> <!-- verifyEditUser -->
  <testcase name="verifyEditUser" time="42.793" classname="com.buffalocart.testscripts.ViewUserTest"/>
  <testcase name="verifyDeleteUser" time="43.862" classname="com.buffalocart.testscripts.DeleteUserTest">
    <failure type="org.openqa.selenium.ElementClickInterceptedException" message="element click intercepted: Element &amp;lt;li class=&amp;quot;dropdown user user-menu&amp;quot;&amp;gt;...&amp;lt;/li&amp;gt; is not clickable at point (1223, 25). Other element would receive the click: &amp;lt;div class=&amp;quot;toast toast-success&amp;quot; aria-live=&amp;quot;polite&amp;quot; style=&amp;quot;display: block; opacity: 0.660733;&amp;quot;&amp;gt;...&amp;lt;/div&amp;gt;
  (Session info: chrome=94.0.4606.81)
Build info: version: &amp;apos;3.141.59&amp;apos;, revision: &amp;apos;e82be7d358&amp;apos;, time: &amp;apos;2018-11-14T08:17:03&amp;apos;
System info: host: &amp;apos;DESKTOP-FR326FK&amp;apos;, ip: &amp;apos;192.168.0.9&amp;apos;, os.name: &amp;apos;Windows 10&amp;apos;, os.arch: &amp;apos;amd64&amp;apos;, os.version: &amp;apos;10.0&amp;apos;, java.version: &amp;apos;1.8.0_301&amp;apos;
Driver info: org.openqa.selenium.chrome.ChromeDriver
Capabilities {acceptInsecureCerts: false, browserName: chrome, browserVersion: 94.0.4606.81, chrome: {chromedriverVersion: 94.0.4606.61 (418b78f5838ed..., userDataDir: C:\Users\manua\AppData\Loca...}, goog:chromeOptions: {debuggerAddress: localhost:56939}, javascriptEnabled: true, networkConnectionEnabled: false, pageLoadStrategy: normal, platform: WINDOWS, platformName: WINDOWS, proxy: Proxy(), setWindowRect: true, strictFileInteractability: false, timeouts: {implicit: 0, pageLoad: 300000, script: 30000}, unhandledPromptBehavior: dismiss and notify, webauthn:extension:credBlob: true, webauthn:extension:largeBlob: true, webauthn:virtualAuthenticators: true}
Session ID: d05115494e2345deb4424c4df704f61f">
      <![CDATA[org.openqa.selenium.ElementClickInterceptedException: element click intercepted: Element <li class="dropdown user user-menu">...</li> is not clickable at point (1223, 25). Other element would receive the click: <div class="toast toast-success" aria-live="polite" style="display: block; opacity: 0.660733;">...</div>
  (Session info: chrome=94.0.4606.81)
Build info: version: '3.141.59', revision: 'e82be7d358', time: '2018-11-14T08:17:03'
System info: host: 'DESKTOP-FR326FK', ip: '192.168.0.9', os.name: 'Windows 10', os.arch: 'amd64', os.version: '10.0', java.version: '1.8.0_301'
Driver info: org.openqa.selenium.chrome.ChromeDriver
Capabilities {acceptInsecureCerts: false, browserName: chrome, browserVersion: 94.0.4606.81, chrome: {chromedriverVersion: 94.0.4606.61 (418b78f5838ed..., userDataDir: C:\Users\manua\AppData\Loca...}, goog:chromeOptions: {debuggerAddress: localhost:56939}, javascriptEnabled: true, networkConnectionEnabled: false, pageLoadStrategy: normal, platform: WINDOWS, platformName: WINDOWS, proxy: Proxy(), setWindowRect: true, strictFileInteractability: false, timeouts: {implicit: 0, pageLoad: 300000, script: 30000}, unhandledPromptBehavior: dismiss and notify, webauthn:extension:credBlob: true, webauthn:extension:largeBlob: true, webauthn:virtualAuthenticators: true}
Session ID: d05115494e2345deb4424c4df704f61f
at org.openqa.selenium.remote.http.W3CHttpResponseCodec.createException(W3CHttpResponseCodec.java:187)
at org.openqa.selenium.remote.http.W3CHttpResponseCodec.decode(W3CHttpResponseCodec.java:122)
at org.openqa.selenium.remote.http.W3CHttpResponseCodec.decode(W3CHttpResponseCodec.java:49)
at org.openqa.selenium.remote.HttpCommandExecutor.execute(HttpCommandExecutor.java:158)
at org.openqa.selenium.remote.service.DriverCommandExecutor.execute(DriverCommandExecutor.java:83)
at org.openqa.selenium.remote.RemoteWebDriver.execute(RemoteWebDriver.java:552)
at org.openqa.selenium.remote.RemoteWebElement.execute(RemoteWebElement.java:285)
at org.openqa.selenium.remote.RemoteWebElement.click(RemoteWebElement.java:84)
at org.openqa.selenium.support.pagefactory.internal.LocatingElementHandler.invoke(LocatingElementHandler.java:51)
at com.sun.proxy.$Proxy10.click(Unknown Source)
at com.buffalocart.utilities.PageUtility.clickOnElement(PageUtility.java:16)
at com.buffalocart.pages.HomePage.clickOnUserMenu(HomePage.java:71)
at com.buffalocart.testscripts.DeleteUserTest.verifyDeleteUser(DeleteUserTest.java:52)
at java.util.ArrayList.forEach(ArrayList.java:1259)
... Removed 34 stack frames]]>
    </failure>
  </testcase> <!-- verifyDeleteUser -->
  <testcase name="verifyEditRolesPageTitle" time="33.63" classname="com.buffalocart.testscripts.UpdateRolesTest"/>
  <testcase name="verifyEditUser" time="2.751" classname="com.buffalocart.testscripts.UpdateRolesTest">
    <failure type="java.lang.IndexOutOfBoundsException" message="Index: 10, Size: 10">
      <![CDATA[java.lang.IndexOutOfBoundsException: Index: 10, Size: 10
at java.util.ArrayList.rangeCheck(ArrayList.java:659)
at java.util.ArrayList.get(ArrayList.java:435)
at org.openqa.selenium.support.pagefactory.internal.LocatingElementListHandler.invoke(LocatingElementListHandler.java:39)
at com.sun.proxy.$Proxy11.get(Unknown Source)
at com.buffalocart.utilities.PageUtility.SelectMenu(PageUtility.java:71)
at com.buffalocart.pages.SidebarPage.clickOnUserManagement(SidebarPage.java:35)
at com.buffalocart.testscripts.UpdateRolesTest.verifyEditUser(UpdateRolesTest.java:63)
at java.util.ArrayList.forEach(ArrayList.java:1259)
... Removed 30 stack frames]]>
    </failure>
  </testcase> <!-- verifyEditUser -->
  <testcase name="verifyDeleteRole" time="33.254" classname="com.buffalocart.testscripts.DeleteRoleTest"/>
  <testcase name="verifyDeleteRole" time="25.979" classname="com.buffalocart.testscripts.DeleteAgentTest">
    <failure type="java.lang.NullPointerException">
      <![CDATA[java.lang.NullPointerException
at com.buffalocart.testscripts.DeleteAgentTest.verifyDeleteRole(DeleteAgentTest.java:56)
at java.util.ArrayList.forEach(ArrayList.java:1259)
... Removed 27 stack frames]]>
    </failure>
  </testcase> <!-- verifyDeleteRole -->
  <testcase name="verifyAddNewSalesCommissionAgent" time="0.0" classname="com.buffalocart.testscripts.UpdateAgentTest">
    <skipped/>
  </testcase> <!-- verifyAddNewSalesCommissionAgent -->
  <testcase name="verifyUserLoginWithValidUserCredentials" time="3.815" classname="com.buffalocart.testscripts.SidebarTest"/>
  <testcase name="verifySidebar" time="0.0" classname="com.buffalocart.testscripts.SidebarTest">
    <ignored/>
  </testcase> <!-- verifySidebar -->
</testsuite> <!-- Test -->
